<?xml version="1.0" encoding="UTF-8"?>
<testsuites name="Ts01" time="96.689" tests="6" failures="0" errors="0">
   <testsuite name="Ts01" tests="6" failures="0" errors="0" time="96.689" skipped="0" timestamp="16-01-2024T15:17:09" hostname="Administrator - 10.53.16.159" id="Test Suites/Ts01">
      <properties>
         <property name="deviceName" value=""/>
         <property name="devicePlatform" value=""/>
         <property name="logFolder" value="C:\\Users\\Administrator\\Katalon Studio\\object\\Reports\\25670116_151702\\Ts01\\25670116_151703"/>
         <property name="logFiles" value="C:\\Users\\Administrator\\Katalon Studio\\object\\Reports\\25670116_151702\\Ts01\\25670116_151703\\execution0.log"/>
         <property name="attachments" value=""/>
         <property name="hostName" value="Administrator - 10.53.16.159"/>
         <property name="os" value="Windows 10 64bit"/>
         <property name="katalonVersion" value="9.2.0.212"/>
         <property name="browser" value="Chrome 118.0.0.0"/>
         <property name="hostAddress" value="10.53.16.159"/>
         <property name="sessionId" value="4bcbfd916a7575cef2e16e4abd39d45f"/>
         <property name="seleniumVersion" value="3.141.59"/>
         <property name="proxyInformation" value="ProxyInformation { proxyOption=NO_PROXY, proxyServerType=HTTP, username=, password=********, proxyServerAddress=, proxyServerPort=0, executionList=&quot;&quot;, isApplyToDesiredCapabilities=true }"/>
         <property name="platform" value="Windows 10"/>
      </properties>
      <testcase name="Test Cases/Search By Keyword kru" time="27.196" classname="Test Cases/Search By Keyword kru" status="PASSED">
         <system-out><![CDATA[16-01-2024T15:17:09 - [TEST_CASE][PASSED] - Test Cases/Search By Keyword kru: Test Cases/Search By Keyword kru

16-01-2024T15:17:09 - [TEST_STEP][PASSED] - openBrowser(""): Browser is opened with url: ''

16-01-2024T15:17:09 - [MESSAGE][INFO] - Starting 'Chrome' driver

16-01-2024T15:17:09 - [MESSAGE][INFO] - Action delay is set to 0 milliseconds

16-01-2024T15:17:10 - [MESSAGE][PASSED] - Browser is opened with url: ''

16-01-2024T15:17:10 - [TEST_STEP][PASSED] - navigateToUrl("https://www.yahoo.com/"): Navigate to 'https://www.yahoo.com/' successfully

16-01-2024T15:17:34 - [MESSAGE][PASSED] - Navigate to 'https://www.yahoo.com/' successfully

16-01-2024T15:17:34 - [TEST_STEP][PASSED] - setText(findTestObject("Object Repository/Page_Yahoo  Mail, Weather, Search, Politics_802e32/input_p"), "kru"): Text 'kru' is set on object 'Object Repository/Page_Yahoo  Mail, Weather, Search, Politics_802e32/input_p'

16-01-2024T15:17:35 - [MESSAGE][PASSED] - Text 'kru' is set on object 'Object Repository/Page_Yahoo  Mail, Weather, Search, Politics_802e32/input_p'

16-01-2024T15:17:35 - [TEST_STEP][PASSED] - click(findTestObject("Object Repository/Page_Yahoo  Mail, Weather, Search, Politics_802e32/buttonybar-search")): Object: 'Object Repository/Page_Yahoo  Mail, Weather, Search, Politics_802e32/buttonybar-search' is clicked on

16-01-2024T15:17:36 - [MESSAGE][PASSED] - Object: 'Object Repository/Page_Yahoo  Mail, Weather, Search, Politics_802e32/buttonybar-search' is clicked on

16-01-2024T15:17:36 - [TEST_STEP][PASSED] - closeBrowser(): Browser is closed

16-01-2024T15:17:36 - [MESSAGE][PASSED] - Browser is closed]]></system-out>
         <system-err><![CDATA[]]></system-err>
      </testcase>
      <testcase name="Test Cases/Search By Keyword npru" time="2.933" classname="Test Cases/Search By Keyword npru" status="PASSED">
         <system-out><![CDATA[16-01-2024T15:17:36 - [TEST_CASE][PASSED] - Test Cases/Search By Keyword npru: Test Cases/Search By Keyword npru

16-01-2024T15:17:36 - [TEST_STEP][PASSED] - openBrowser(""): Browser is opened with url: ''

16-01-2024T15:17:36 - [MESSAGE][INFO] - Starting 'Chrome' driver

16-01-2024T15:17:36 - [MESSAGE][INFO] - Action delay is set to 0 milliseconds

16-01-2024T15:17:37 - [MESSAGE][PASSED] - Browser is opened with url: ''

16-01-2024T15:17:37 - [TEST_STEP][PASSED] - navigateToUrl("https://www.google.com/"): Navigate to 'https://www.google.com/' successfully

16-01-2024T15:17:37 - [MESSAGE][PASSED] - Navigate to 'https://www.google.com/' successfully

16-01-2024T15:17:37 - [TEST_STEP][PASSED] - setText(findTestObject("Object Repository/Page_Google/textarea_q"), "npru"): Text 'npru' is set on object 'Object Repository/Page_Google/textarea_q'

16-01-2024T15:17:38 - [MESSAGE][PASSED] - Text 'npru' is set on object 'Object Repository/Page_Google/textarea_q'

16-01-2024T15:17:38 - [TEST_STEP][PASSED] - click(findTestObject("Object Repository/Page_Google/span_NPRU")): Object: 'Object Repository/Page_Google/span_NPRU' is clicked on

16-01-2024T15:17:39 - [MESSAGE][PASSED] - Object: 'Object Repository/Page_Google/span_NPRU' is clicked on

16-01-2024T15:17:39 - [TEST_STEP][PASSED] - closeBrowser(): Browser is closed

16-01-2024T15:17:39 - [MESSAGE][PASSED] - Browser is closed]]></system-out>
         <system-err><![CDATA[]]></system-err>
      </testcase>
      <testcase name="Test Cases/Search By Keyword pbru" time="29.647" classname="Test Cases/Search By Keyword pbru" status="PASSED">
         <system-out><![CDATA[16-01-2024T15:17:39 - [TEST_CASE][PASSED] - Test Cases/Search By Keyword pbru: Test Cases/Search By Keyword pbru

16-01-2024T15:17:39 - [TEST_STEP][PASSED] - openBrowser(""): Browser is opened with url: ''

16-01-2024T15:17:39 - [MESSAGE][INFO] - Starting 'Chrome' driver

16-01-2024T15:17:39 - [MESSAGE][INFO] - Action delay is set to 0 milliseconds

16-01-2024T15:17:40 - [MESSAGE][PASSED] - Browser is opened with url: ''

16-01-2024T15:17:40 - [TEST_STEP][PASSED] - navigateToUrl("https://www.yahoo.com/"): Navigate to 'https://www.yahoo.com/' successfully

16-01-2024T15:18:03 - [MESSAGE][PASSED] - Navigate to 'https://www.yahoo.com/' successfully

16-01-2024T15:18:03 - [TEST_STEP][PASSED] - setText(findTestObject("Page_Yahoo  Mail, Weather, Search, Politics_802e32/input_p"), "pbru"): Text 'pbru' is set on object 'Object Repository/Page_Yahoo  Mail, Weather, Search, Politics_802e32/input_p'

16-01-2024T15:18:06 - [MESSAGE][PASSED] - Text 'pbru' is set on object 'Object Repository/Page_Yahoo  Mail, Weather, Search, Politics_802e32/input_p'

16-01-2024T15:18:06 - [TEST_STEP][PASSED] - click(findTestObject("Page_Yahoo  Mail, Weather, Search, Politics_802e32/buttonybar-search")): Object: 'Object Repository/Page_Yahoo  Mail, Weather, Search, Politics_802e32/buttonybar-search' is clicked on

16-01-2024T15:18:06 - [MESSAGE][PASSED] - Object: 'Object Repository/Page_Yahoo  Mail, Weather, Search, Politics_802e32/buttonybar-search' is clicked on

16-01-2024T15:18:06 - [TEST_STEP][PASSED] - verifyTextPresent("มหาวิทยาลัยราชภัฏเพชรบุรี", false): Text 'มหาวิทยาลัยราชภัฏเพชรบุรี' is present on page 

16-01-2024T15:18:08 - [MESSAGE][PASSED] - Text 'มหาวิทยาลัยราชภัฏเพชรบุรี' is present on page 

16-01-2024T15:18:08 - [TEST_STEP][PASSED] - closeBrowser(): Browser is closed

16-01-2024T15:18:09 - [MESSAGE][PASSED] - Browser is closed]]></system-out>
         <system-err><![CDATA[]]></system-err>
      </testcase>
      <testcase name="Test Cases/Search By Keyword kru" time="4.889" classname="Test Cases/Search By Keyword kru" status="PASSED">
         <system-out><![CDATA[16-01-2024T15:18:09 - [TEST_CASE][PASSED] - Test Cases/Search By Keyword kru: Test Cases/Search By Keyword kru

16-01-2024T15:18:09 - [TEST_STEP][PASSED] - openBrowser(""): Browser is opened with url: ''

16-01-2024T15:18:09 - [MESSAGE][INFO] - Starting 'Chrome' driver

16-01-2024T15:18:09 - [MESSAGE][INFO] - Action delay is set to 0 milliseconds

16-01-2024T15:18:09 - [MESSAGE][PASSED] - Browser is opened with url: ''

16-01-2024T15:18:09 - [TEST_STEP][PASSED] - navigateToUrl("https://www.yahoo.com/"): Navigate to 'https://www.yahoo.com/' successfully

16-01-2024T15:18:11 - [MESSAGE][PASSED] - Navigate to 'https://www.yahoo.com/' successfully

16-01-2024T15:18:11 - [TEST_STEP][PASSED] - setText(findTestObject("Object Repository/Page_Yahoo  Mail, Weather, Search, Politics_802e32/input_p"), "kru"): Text 'kru' is set on object 'Object Repository/Page_Yahoo  Mail, Weather, Search, Politics_802e32/input_p'

16-01-2024T15:18:13 - [MESSAGE][PASSED] - Text 'kru' is set on object 'Object Repository/Page_Yahoo  Mail, Weather, Search, Politics_802e32/input_p'

16-01-2024T15:18:13 - [TEST_STEP][PASSED] - click(findTestObject("Object Repository/Page_Yahoo  Mail, Weather, Search, Politics_802e32/buttonybar-search")): Object: 'Object Repository/Page_Yahoo  Mail, Weather, Search, Politics_802e32/buttonybar-search' is clicked on

16-01-2024T15:18:13 - [MESSAGE][PASSED] - Object: 'Object Repository/Page_Yahoo  Mail, Weather, Search, Politics_802e32/buttonybar-search' is clicked on

16-01-2024T15:18:13 - [TEST_STEP][PASSED] - closeBrowser(): Browser is closed

16-01-2024T15:18:13 - [MESSAGE][PASSED] - Browser is closed]]></system-out>
         <system-err><![CDATA[]]></system-err>
      </testcase>
      <testcase name="Test Cases/Search By Keyword npru" time="2.753" classname="Test Cases/Search By Keyword npru" status="PASSED">
         <system-out><![CDATA[16-01-2024T15:18:13 - [TEST_CASE][PASSED] - Test Cases/Search By Keyword npru: Test Cases/Search By Keyword npru

16-01-2024T15:18:13 - [TEST_STEP][PASSED] - openBrowser(""): Browser is opened with url: ''

16-01-2024T15:18:13 - [MESSAGE][INFO] - Starting 'Chrome' driver

16-01-2024T15:18:13 - [MESSAGE][INFO] - Action delay is set to 0 milliseconds

16-01-2024T15:18:14 - [MESSAGE][PASSED] - Browser is opened with url: ''

16-01-2024T15:18:14 - [TEST_STEP][PASSED] - navigateToUrl("https://www.google.com/"): Navigate to 'https://www.google.com/' successfully

16-01-2024T15:18:15 - [MESSAGE][PASSED] - Navigate to 'https://www.google.com/' successfully

16-01-2024T15:18:15 - [TEST_STEP][PASSED] - setText(findTestObject("Object Repository/Page_Google/textarea_q"), "npru"): Text 'npru' is set on object 'Object Repository/Page_Google/textarea_q'

16-01-2024T15:18:15 - [MESSAGE][PASSED] - Text 'npru' is set on object 'Object Repository/Page_Google/textarea_q'

16-01-2024T15:18:15 - [TEST_STEP][PASSED] - click(findTestObject("Object Repository/Page_Google/span_NPRU")): Object: 'Object Repository/Page_Google/span_NPRU' is clicked on

16-01-2024T15:18:16 - [MESSAGE][PASSED] - Object: 'Object Repository/Page_Google/span_NPRU' is clicked on

16-01-2024T15:18:16 - [TEST_STEP][PASSED] - closeBrowser(): Browser is closed

16-01-2024T15:18:16 - [MESSAGE][PASSED] - Browser is closed]]></system-out>
         <system-err><![CDATA[]]></system-err>
      </testcase>
      <testcase name="Test Cases/Search By Keyword pbru" time="29.122" classname="Test Cases/Search By Keyword pbru" status="PASSED">
         <system-out><![CDATA[16-01-2024T15:18:16 - [TEST_CASE][PASSED] - Test Cases/Search By Keyword pbru: Test Cases/Search By Keyword pbru

16-01-2024T15:18:16 - [TEST_STEP][PASSED] - openBrowser(""): Browser is opened with url: ''

16-01-2024T15:18:16 - [MESSAGE][INFO] - Starting 'Chrome' driver

16-01-2024T15:18:16 - [MESSAGE][INFO] - Action delay is set to 0 milliseconds

16-01-2024T15:18:17 - [MESSAGE][PASSED] - Browser is opened with url: ''

16-01-2024T15:18:17 - [TEST_STEP][PASSED] - navigateToUrl("https://www.yahoo.com/"): Navigate to 'https://www.yahoo.com/' successfully

16-01-2024T15:18:42 - [MESSAGE][PASSED] - Navigate to 'https://www.yahoo.com/' successfully

16-01-2024T15:18:42 - [TEST_STEP][PASSED] - setText(findTestObject("Page_Yahoo  Mail, Weather, Search, Politics_802e32/input_p"), "pbru"): Text 'pbru' is set on object 'Object Repository/Page_Yahoo  Mail, Weather, Search, Politics_802e32/input_p'

16-01-2024T15:18:43 - [MESSAGE][PASSED] - Text 'pbru' is set on object 'Object Repository/Page_Yahoo  Mail, Weather, Search, Politics_802e32/input_p'

16-01-2024T15:18:43 - [TEST_STEP][PASSED] - click(findTestObject("Page_Yahoo  Mail, Weather, Search, Politics_802e32/buttonybar-search")): Object: 'Object Repository/Page_Yahoo  Mail, Weather, Search, Politics_802e32/buttonybar-search' is clicked on

16-01-2024T15:18:43 - [MESSAGE][PASSED] - Object: 'Object Repository/Page_Yahoo  Mail, Weather, Search, Politics_802e32/buttonybar-search' is clicked on

16-01-2024T15:18:43 - [TEST_STEP][PASSED] - verifyTextPresent("มหาวิทยาลัยราชภัฏเพชรบุรี", false): Text 'มหาวิทยาลัยราชภัฏเพชรบุรี' is present on page 

16-01-2024T15:18:45 - [MESSAGE][PASSED] - Text 'มหาวิทยาลัยราชภัฏเพชรบุรี' is present on page 

16-01-2024T15:18:45 - [TEST_STEP][PASSED] - closeBrowser(): Browser is closed

16-01-2024T15:18:45 - [MESSAGE][PASSED] - Browser is closed]]></system-out>
         <system-err><![CDATA[]]></system-err>
      </testcase>
      <system-out><![CDATA[16-01-2024T15:17:09 - [TEST_SUITE][PASSED] - Ts01: Test Cases/Search By Keyword pbru]]></system-out>
      <system-err><![CDATA[]]></system-err>
   </testsuite>
</testsuites>
